<?xml version="1.0" encoding="UTF-8"?>
<testng-results skipped="0" failed="0" total="1" passed="1">
  <reporter-output>
  </reporter-output>
  <suite name="Default suite" duration-ms="56956" started-at="2017-05-01T07:10:17Z" finished-at="2017-05-01T07:11:14Z">
    <groups>
    </groups>
    <test name="Default test" duration-ms="56956" started-at="2017-05-01T07:10:17Z" finished-at="2017-05-01T07:11:14Z">
      <class name="lesson1.AndroidFirstTest">
        <test-method status="PASS" signature="beforeClass()[pri:0, instance:lesson1.AndroidFirstTest@60c6f5b]" name="beforeClass" is-config="true" duration-ms="8" started-at="2017-05-01T15:10:17Z" finished-at="2017-05-01T15:10:17Z">
          <reporter-output>
          </reporter-output>
        </test-method> <!-- beforeClass -->
        <test-method status="PASS" signature="f()[pri:0, instance:lesson1.AndroidFirstTest@60c6f5b]" name="f" duration-ms="56928" started-at="2017-05-01T15:10:17Z" finished-at="2017-05-01T15:11:14Z">
          <reporter-output>
          </reporter-output>
        </test-method> <!-- f -->
        <test-method status="PASS" signature="afterClass()[pri:0, instance:lesson1.AndroidFirstTest@60c6f5b]" name="afterClass" is-config="true" duration-ms="4" started-at="2017-05-01T15:11:14Z" finished-at="2017-05-01T15:11:14Z">
          <reporter-output>
          </reporter-output>
        </test-method> <!-- afterClass -->
      </class> <!-- lesson1.AndroidFirstTest -->
    </test> <!-- Default test -->
  </suite> <!-- Default suite -->
</testng-results>
